<?xml version="1.0" encoding="UTF-8"?>
<!-- Generated by org.testng.reporters.JUnitReportReporter -->
<testsuite hostname="c2612" name="lesson2.PrimeNumber" tests="1" failures="0" timestamp="24 Oct 2014 17:28:34 GMT" time="0.009" errors="0">
  <testcase name="isPrimeTest" time="0.009" classname="lesson2.PrimeNumber"/>
</testsuite> <!-- lesson2.PrimeNumber -->
